<?xml version="1.0" encoding="UTF-8"?>
<testng-results ignored="0" total="1" passed="1" failed="0" skipped="0">
  <reporter-output>
  </reporter-output>
  <suite started-at="2024-08-03T10:47:35 IST" name="Suite" finished-at="2024-08-03T10:47:48 IST" duration-ms="12558">
    <groups>
    </groups>
    <test started-at="2024-08-03T10:47:35 IST" name="Test" finished-at="2024-08-03T10:47:48 IST" duration-ms="12558">
      <class name="com.mystore.testcases.FirstTest">
        <test-method is-config="true" signature="loadconfig()[pri:0, instance:com.mystore.testcases.FirstTest@402e37bc]" started-at="2024-08-03T10:47:35 IST" name="loadconfig" finished-at="2024-08-03T10:47:35 IST" duration-ms="17" status="PASS">
          <reporter-output>
          </reporter-output>
        </test-method> <!-- loadconfig -->
        <test-method is-config="true" signature="beforeTest()[pri:0, instance:com.mystore.testcases.FirstTest@402e37bc]" started-at="2024-08-03T10:47:35 IST" name="beforeTest" finished-at="2024-08-03T10:47:35 IST" duration-ms="1" status="PASS">
          <reporter-output>
          </reporter-output>
        </test-method> <!-- beforeTest -->
        <test-method is-config="true" signature="beforeClass()[pri:0, instance:com.mystore.testcases.FirstTest@402e37bc]" started-at="2024-08-03T10:47:35 IST" name="beforeClass" finished-at="2024-08-03T10:47:35 IST" duration-ms="1" status="PASS">
          <reporter-output>
          </reporter-output>
        </test-method> <!-- beforeClass -->
        <test-method is-config="true" signature="setup(java.lang.String)[pri:0, instance:com.mystore.testcases.FirstTest@402e37bc]" started-at="2024-08-03T10:47:35 IST" name="setup" finished-at="2024-08-03T10:47:46 IST" duration-ms="10887" status="PASS">
          <params>
            <param index="0">
              <value>
                <![CDATA[Chrome]]>
              </value>
            </param>
          </params>
          <reporter-output>
          </reporter-output>
        </test-method> <!-- setup -->
        <test-method signature="firsetTestCase()[pri:0, instance:com.mystore.testcases.FirstTest@402e37bc]" started-at="2024-08-03T10:47:46 IST" name="firsetTestCase" finished-at="2024-08-03T10:47:47 IST" duration-ms="1336" status="PASS">
          <reporter-output>
          </reporter-output>
        </test-method> <!-- firsetTestCase -->
        <test-method is-config="true" signature="tearDown()[pri:0, instance:com.mystore.testcases.FirstTest@402e37bc]" started-at="2024-08-03T10:47:47 IST" name="tearDown" finished-at="2024-08-03T10:47:48 IST" duration-ms="279" status="PASS">
          <reporter-output>
          </reporter-output>
        </test-method> <!-- tearDown -->
        <test-method is-config="true" signature="afterClass()[pri:0, instance:com.mystore.testcases.FirstTest@402e37bc]" started-at="2024-08-03T10:47:48 IST" name="afterClass" finished-at="2024-08-03T10:47:48 IST" duration-ms="0" status="PASS">
          <reporter-output>
          </reporter-output>
        </test-method> <!-- afterClass -->
        <test-method is-config="true" signature="afterTest()[pri:0, instance:com.mystore.testcases.FirstTest@402e37bc]" started-at="2024-08-03T10:47:48 IST" name="afterTest" finished-at="2024-08-03T10:47:48 IST" duration-ms="1" status="PASS">
          <reporter-output>
          </reporter-output>
        </test-method> <!-- afterTest -->
        <test-method is-config="true" signature="afterSuite()[pri:0, instance:com.mystore.testcases.FirstTest@402e37bc]" started-at="2024-08-03T10:47:48 IST" name="afterSuite" finished-at="2024-08-03T10:47:48 IST" duration-ms="1" status="PASS">
          <reporter-output>
          </reporter-output>
        </test-method> <!-- afterSuite -->
      </class> <!-- com.mystore.testcases.FirstTest -->
    </test> <!-- Test -->
  </suite> <!-- Suite -->
</testng-results>
